<?xml version="1.0" encoding="UTF-8"?>
<!-- Generated by org.testng.reporters.JUnitXMLReporter -->
<testsuite ignored="0" hostname="DESKTOP-HC7IK1R" failures="0" tests="5" name="Default test" time="0.411" errors="0" timestamp="2021-11-30T08:46:48 GMT">
  <testcase classname="com.crm.vtiger.dataProvider.DataProviderDemoTest" name="ticketBooking" time="0.032"/>
  <testcase classname="com.crm.vtiger.dataProvider.DataProviderDemoTest" name="ticketBooking" time="0.011"/>
  <testcase classname="com.crm.vtiger.dataProvider.DataProviderDemoTest" name="ticketBooking" time="0.035"/>
  <testcase classname="com.crm.vtiger.dataProvider.DataProviderDemoTest" name="ticketBooking" time="0.019"/>
  <testcase classname="com.crm.vtiger.dataProvider.DataProviderDemoTest" name="ticketBooking" time="0.026"/>
</testsuite> <!-- Default test -->
