<?xml version="1.0" encoding="UTF-8"?>
<testng-results ignored="0" total="5" passed="5" failed="0" skipped="0">
  <reporter-output>
  </reporter-output>
  <suite started-at="2021-11-30T08:46:48 GMT" name="Default suite" finished-at="2021-11-30T08:46:48 GMT" duration-ms="411">
    <groups>
    </groups>
    <test started-at="2021-11-30T08:46:48 GMT" name="Default test" finished-at="2021-11-30T08:46:48 GMT" duration-ms="411">
      <class name="com.crm.vtiger.dataProvider.DataProviderDemoTest">
        <test-method signature="ticketBooking(java.lang.String,java.lang.String)[pri:0, instance:com.crm.vtiger.dataProvider.DataProviderDemoTest@5e316c74]" started-at="2021-11-30T08:46:48 GMT" name="ticketBooking" data-provider="bookTicketDataProvider" finished-at="2021-11-30T08:46:48 GMT" duration-ms="32" status="PASS">
          <params>
            <param index="0">
              <value>
                <![CDATA[Chennai]]>
              </value>
            </param>
            <param index="1">
              <value>
                <![CDATA[Bangalore]]>
              </value>
            </param>
          </params>
          <reporter-output>
          </reporter-output>
        </test-method> <!-- ticketBooking -->
        <test-method signature="ticketBooking(java.lang.String,java.lang.String)[pri:0, instance:com.crm.vtiger.dataProvider.DataProviderDemoTest@5e316c74]" started-at="2021-11-30T08:46:48 GMT" name="ticketBooking" data-provider="bookTicketDataProvider" finished-at="2021-11-30T08:46:48 GMT" duration-ms="11" status="PASS">
          <params>
            <param index="0">
              <value>
                <![CDATA[Chennai]]>
              </value>
            </param>
            <param index="1">
              <value>
                <![CDATA[Pune]]>
              </value>
            </param>
          </params>
          <reporter-output>
          </reporter-output>
        </test-method> <!-- ticketBooking -->
        <test-method signature="ticketBooking(java.lang.String,java.lang.String)[pri:0, instance:com.crm.vtiger.dataProvider.DataProviderDemoTest@5e316c74]" started-at="2021-11-30T08:46:48 GMT" name="ticketBooking" data-provider="bookTicketDataProvider" finished-at="2021-11-30T08:46:48 GMT" duration-ms="35" status="PASS">
          <params>
            <param index="0">
              <value>
                <![CDATA[Chennai]]>
              </value>
            </param>
            <param index="1">
              <value>
                <![CDATA[Agra]]>
              </value>
            </param>
          </params>
          <reporter-output>
          </reporter-output>
        </test-method> <!-- ticketBooking -->
        <test-method signature="ticketBooking(java.lang.String,java.lang.String)[pri:0, instance:com.crm.vtiger.dataProvider.DataProviderDemoTest@5e316c74]" started-at="2021-11-30T08:46:48 GMT" name="ticketBooking" data-provider="bookTicketDataProvider" finished-at="2021-11-30T08:46:48 GMT" duration-ms="19" status="PASS">
          <params>
            <param index="0">
              <value>
                <![CDATA[Chennai]]>
              </value>
            </param>
            <param index="1">
              <value>
                <![CDATA[Jharkand]]>
              </value>
            </param>
          </params>
          <reporter-output>
          </reporter-output>
        </test-method> <!-- ticketBooking -->
        <test-method signature="ticketBooking(java.lang.String,java.lang.String)[pri:0, instance:com.crm.vtiger.dataProvider.DataProviderDemoTest@5e316c74]" started-at="2021-11-30T08:46:48 GMT" name="ticketBooking" data-provider="bookTicketDataProvider" finished-at="2021-11-30T08:46:48 GMT" duration-ms="26" status="PASS">
          <params>
            <param index="0">
              <value>
                <![CDATA[Chennai]]>
              </value>
            </param>
            <param index="1">
              <value>
                <![CDATA[Kerala]]>
              </value>
            </param>
          </params>
          <reporter-output>
          </reporter-output>
        </test-method> <!-- ticketBooking -->
      </class> <!-- com.crm.vtiger.dataProvider.DataProviderDemoTest -->
    </test> <!-- Default test -->
  </suite> <!-- Default suite -->
</testng-results>
